AAK_VPN
ABEDCONFIGPLUSE
ACCOUNTPLANETIR
AIFENXIANG2020
ALIENVPN402
ALISMARTVPN
ALLV2RAY
ALO_V2RAYNG
ALSHEYKHVPN
ALsheykhVPN
AMIRINVENTOR2010
AMIR_ROOMAN
AMOFIL
ANGUS_VPN3
ANTIFILTERSERVICE
APPSOONER
ARGOTAZ
ARTAVPN
ARTEMIS_VPN_FREE
ARV2RA
ARV2RAY
ARYOOVPN
ARv2ray
ASAK_VPN
ASLIVEEPN
ASTROVPN_OFFICIAL
ATOM56778
ATOVPN
AUTOFREEVPN
AXV2RAY
AZAD_INTRNET
AZURE_V2LESS
AntiFilterService
Ar_cod
ArrowVPN
AstroVPN_official
BARAYE3021
BEMOLATEXT
BERICE_V2
BESTVPN4030
BIGSMOKE_CONFIG
BIMNETVPN
BLUEBERRYNETWORK
BLUESHEKAN
BLUEV2RAYNG
BLUEVPN_V2RAY
BOLBOLVPN
BPJZX2
BUFFALO_VPN
BUG_VPN
BYPASS_FILTER
BlueVPN_v2ray
CAA_V2RAY
CANGURO_ENGLISH
CASTOM_V2RAY
CATTVPN
CATVPNS
CCONFIG_V2RAY
CEPHALON_ALA
CHV2RAYNP
CH_A2L
CHv2raynp
CIRCLE_VPN
CLUB_VPN9
CNFG_V2RAY
CODVPN
CONFIGASLI
CONFIGFORVPN
CONFIGFORVPN01
CONFIGPOSITIVE
CONFIGSCENTER
CONFIGSSTORE
CONFIGT
CONFIGV2RAYFORFREE
CONFIGV2RAY_S
CONFIG_ON
CONFIG_PROXY_IR
CONFING_V2RAYY
CONNECTBACK
CONNECTSHU
CPUVPN
CUSTOMIZEV2RAY
CUSTOMV2RAY
CUSTOMVPNSERVER
CUSTOM_14
CUSTOM_V2RAY
Circle_Vpn
Club_Vpn9
Computerwormss
ConfigforVPN
Configforvpn
Configforvpn01
DAILYV2RAY
DAILYV2RY
DAMONCONFIG
DAREDEVILL_404
DARKMA3TER24
DARK_TELECOM
DASHV2RAY
DELI_SERVERS
DERAGV2RAY
DIAMONDPROXYTM
DIGIGARD_VPN
DIGIV2RAY
DIGIV2RAY23
DIRECTVPN
DISCONNECTEDCONFIG
DRIBBLE7
DRVPN_NET
DailyV2RY
DigiV2ray
DigiV2ray23
DirectVPN
DoNaLD_VPN
DoNaLD_VpN
EASY_FREE_VPN
EHSAWN8
ELEUTHERIAVPN
ERNOXIN_SHOP
ERTEBATAZAD
ESIVPP
EXOPING
EXPRESSVPN_420
Easy_Free_VPN
ExpressVPN_420
FARAHVPN
FASTFILTERR
FASTGOZAR
FASTKANFIG
FASTVPNORUMMOBILE
FAST_2RAY
FATI_FFX
FILTERSHEKAN_CHANNEL
FIRE_VPN_CHANNEL
FLASH_PROXIES
FLOTGUARD
FLYV2RAY
FOXNT
FProxies
FREECONFING
FREEDOM_CONFIG
FREENAPSTERNETV
FREENETPRO99
FREESHADOWSOCK
FREEV2FLYNG
FREEV2RAY2024
FREEV2RAYM
FREEVPN3327
FREEVPNCHINA
FREEVPNHOMESCONFIGS
FREE_INTERNETE_IRAN
FREE_INTERNET_IRAN
FREE_OMEGA
FREE_PROXY_001
FREE_V2RAYYY
FREV2RAYNG
FSV2RAY
FV2RAY
FalconPolV2rayNG
Fastvpnorummobile
Fonix_Ti
FreeV2rays
Free_Internet_Iran
Free_omega
FsV2ray
Fv2ray
GARNET_FREE
GETANYMESSAGECHANNEL
GETCONFIGIR
GH_V2RAYNG
GIGI_VPN_VIP
GIVEVPN
GOLDENSHIINEVPN
GOLESTAN_VPN
GOLF_VPN
GOZARGAHVPN
GV2RAY
Garnet_Free
GiveVPN
HAJIMAMADVPN
HAMSTER_VPNN
HATUNNEL_VPN
HEINUHOME
HENNESSYPRO
HERCULESL_SERVER
HERMANOSVPN
HIVEPING
HOOSHANG_VPN1
HOPEV2RAY
HOT_V2RY
HPV2RAY_OFFICIAL
HYPERVPNS
Herculesl_server
Hope_Net
HosseinStore_Za
Hot_V2Ry
IBV2RAY
ICV2RAY
INFO_2IT_CHANNEL
INJECTORMCONF
INTERNET4IRAN
INTERNET_NOR
IPV2RAY
IPV2RAYNG
IP_CF_CONFIG
IP_RAMZI
IRANBAXVPN
IRANMEDICALVPN
IRAN_MEHR_VPN
IRAN_V2R
IRAN_access
IRONNETT
IR_NETPROXY
IR_PROXYV2RAY
ITV2RAY
IrV2rey
Ironnett
JAVID_IRAN_VPN
JCVPN
JEDAL_VPN
JIEDIANF
JIEDIANSSR
JIUJIED
JOKERV2RAY
JetVpnv
KABIRVPN
KAFING_2
KUTO_PROXY2
KabirVPN
LAKVPN1
LIGHTNING6
LeastPing
MAHDIVPN2
MTConfig
MTPV2ray
MT_TEAM_IRAN
Maznet
Moiinmk
MrV2Ray
NETMelliAnti
NN_VPN
NPV_V2RAY
NUFILTER
Nepo_v2ray
NetAzadChannel
NetFreedom0
Next_Serverpanel
Novinology
OKAB3_Script_Channel
OXIR_VPN
PR_GUARD
PerV2ray
PoV2ray
PrivateVPNN
PrivateVPNs
ProxyFn
SABZ_V2RAY
SRCVPN
STAR_HACK_100
Selinc
ServerNett
ShareCentre
ShareCentrePro
Sitefilter
Standvpn
StrongProtocol
TLS_v2ray
TOUCAN_VPN
TOYOTA_PROXYYYY
ToYoTA_PRoXY
TokyoNetwork
Trand_farsi
UCIRANIR
UnlimitedDev
Uvpn_org
V2FRE
V2HAMID
V2NET_IRAN
V2RAYN2G
V2RAYNG_20
V2RAY_STRING
V2RAY_VMES
V2RRAY_NG
V2RayNGChaannel
V2Ray_FreedomIran
V2pedia
V2ray1_Ng
V2rayCollectorDonate
V2rayNG3
V2rayNGFreee
V2rayNGV
V2rayPort
V2ray_Alpha
V2ray_NG_VIP
V2ray_swhil
V2rayng_Fast
V2rayng_aads
V2rayngconfiig
V2rayngninja
V2rayvx
V2sezar
VPN707
VPNAMOHELP
VPNBIGBANG
VPNETI
VPNFREEO
VPNTAKO
VPN_Accounti
VPN_CONNECT
VPN_ROOM
VPNbigbang
V_2ray1
V_2rayngVpn
ViPVpn_v2ray
VlessConfig
Vpn_Mikey
WSBVPN
WomanLifeFreedomVPN
X4Azadi
XNXV2RAY
XpnTeam
XsV2Ray
XsV2ray
ZED_VPN
aak_vpn
abedconfigpluse
accountplanetir
activevpn_v2ray
aifenxiang2020
alienvpn402
alismartvpn
allthunderr
allv2ray
alo_v2rayng
alpha_v2ra
alpha_v2ray_fazayi
alphaping
alsheykhvpn
amir_alternative_official
amir_rooman
amirinventor2010
amironetwork
amirv2ray1
amofil
angus_vpn
angus_vpn3
antifilterservice
antimeli
appsooner
ar_cod
argotaz
armodchannel
arrowvpn
artemis_vpn_free
artemisvpn1
arv2ra
arv2ray
aryoovpn
asak_vpn
asintech
asliveepn
astrovpn_official
atovpn
austin_not
autofreevpn
axv2ray
azad_intrnet
azure_v2less
baraye3021
bemolatext
berice_v2
best_ray
bestforbest66
bestvpn4030
bigsmoke_config
bimnetvpn
black8rose
black_vpn1
blueberrynetwork
blueshekan
bluev2rayng
bluevpn11
bluevpn111
bluevpn_v2ray
bolbolvpn
bomb_v2rayngy
bored_vpn
bpjzx2
buffalo_vpn
bug_vpn
bypass_filter
caa_v2ray
canguro_english
castom_v2ray
cattvpn
catvpns
cconfig_v2ray
cephalon_ala
ch_a2l
chanel_v2ray_2
chv2raynp
chv2raynp2
circle_vpn
city_v2rayng
client_proo
club_vpn9
cnfg_v2ray
codvpn
computerwormss
configV2rayForFree
config_on
config_proxy_ir
configasli
configfa
configforVPN
configforvpn
configforvpn01
configpositive
configscenter
configshub
configsstore
configt
configtell
configv2ray_s
configv2rayforfree
configv2rayngvpn
confing_v2rayy
confingv2raay
connectback
connectshu
cpuvpn
cr7v2ry
cryptoguardvpn
custom_14
custom_v2ray
customizev2ray
customv2ray
customvpnserver
dailytek
dailyv2ray
dailyv2ry
damonconfig
darbazeh_vpn
daredevill_404
dark_telecom
darkma3ter24
darktelecom
daryaye_sorkhh
dashv2ray
defenyx_vpn
deli_servers
deragv2ray
digigard_vpn
digiv2ray
digiv2ray23
directvpn
disconnectedconfig
donald_config
donald_vpn
dr_v2ray
dra_net
dribble7
drvpn_net
easy_free_vpn
ehsawn8
eleutheriavpn
elias_vpn
eliv2ray
entryNET
entrynet
ernoxin_shop
ertebatazad
esivpp
ev2rayy
exoping
expressvpn_420
external_net
falconpolv2rayng
farahvpn
fasst_vpn
fast_2ray
fast_config_info
fastfilterr
fastgozar
fastkanfig
fastvpnorummobile
fati_ffx
fhkllvjkll
filbar_channel
filter5050
filterk0sh
filtershekan_channel
filterzapata
fire_VPN_channel
fire_vpn_channel
flash_proxies
flotguard
flyv2ray
fonix_ti
foxnt
fproxies
freV2rayNG
free4allVPN
free4allvpn
free_internete_iran
free_omega
free_outline_keys
free_proxy_001
free_v2rayyy
free_vip3
free_vpn_for_all_of_us
free_worlld
freeconfigvpns
freeconfing
freedatazone1
freedom4config
freedom_config
freeiranweb
freenapsternetv
freenetpro99
freeownvpn
freeshadowsock
freev2flyng
freev2ray2024
freev2rayi
freev2raym
freev2rays
freev2rayssh
freevirgoolnet
freevmess
freevpn3327
freevpn_connect
freevpnchina
freevpnhomesconfigs
freevv2rayng
frev2ray
frev2rayng
fsv2ray
fv2ray
galaxy_vpns
garnet_free
gervpn
get2ray
getconfigir
gh_v2rayng
ghalagyann
gigi_vpn_vip
givevpn
god_server7
godv2rang
godv2ray_ng
goldenshiinevpn
goldenvpn_v2rayy
golestan_vpn
golf_vpn
goodbyefiltering
gozargahvpn
guard_vip
gv2ray
hack_031_2022
hackmodvpnservers
hajimamadvpn
hamster_vpnn
hatunnel_vpn
heinuhome
hennessypro
herculesl_server
hermanosvpn
hiddify_f
hiveping
hkaa0
hooshang_vpn1
hootvpm
hope_net
hopev2ray
hose_io
hosseinstore_za
hot_v2ry
hpv2ray_official
huiguo62
hypervpns
iRAN_V2R
ibv2ray
icloudyshop
icv2ray
info_2IT_channel
info_2it_channel
inikotesla
injectormconf
internet4iran
internet_nor
ios_v2
ipV2Ray
ip_cf_config
ip_ramzi
ipcloudflaretamiz
iptoko
ipv2ray
ipv2rayng
ir_netproxy
ir_proxyv2ray
iran_access
iran_mehr_vpn
iran_v2r
iranargo
iranbaxvpn
iranbfilter
iraniV2ray
iraniv2ray
iranmedicalVPN
iranmedicalvpn
iranproxypro
iranray_vpn
iranvpnet
ironnett
irv2rey
isvvpn
itv2ray
janusvpn
javid_iran_vpn
jcvpn
jedal_vpn
jetvpnv
jiedianf
jiedianhezu
jiedianssr
jiujied
jokerrvpn
jokerv2ray
kabirvpn
kafing_2
kesslervpn
keysoutline
khoneproxy
kilid_stor
kingofilter
kinsta_service
kkkkkoabvbbvbvv
kopltall_vpn
kurd_v2ray
kurdvpn1
kuto_proxy2
lakvpn1
leastping
lemonshopvpn
lepingshop
lightning6
limootuursh
lion_channel_vpn2
litevp
loatvpn
lombo_channel
lusty_queen_vpn
lv2ray_boxl
mafiav2ray
magicvpn_shop
mahanvpn
mahdish0p
mahdivpn2
mahsaproxy
mainmat
manzariyeh_rasht
maradona_vpn
marzazad
masirbazz
mastervpnshop1
mater_1345
maxvpnc
maznet
mehrosaboran
meli_prooxy
meli_proxyy
meli_proxyyy
meli_v2rayng
merdesert
mester_v2ray
metaanet
mftizi
mgvpnsale
mi_pn_official
migping
mikasavpn
mimitdl
minovpnch
miov2ray
miyanbor_vpn
mod_app31
moein_insta
moftinet
mohammad_i_t
moiinmk
mood_tarinhaa
moon_ping
mpmehi
mr_vpn123
mrclud
mrv2raay
mrv2ray
mrvpn1403
msv2flyng
msv2raynp
mt_team_iran
mtconfig
mtproto_666
mtproxy22_v2ray
mtpv2ray
n1xv2ray
n2vpn
napsterntvtm
narcod_ping
nepo_v2ray
net_azad_1
netazadchannel
netfreedom0
netmellianti
netspeedservice
networknim
new_proxy_channel
next_serverpanel
nigmavpn
nitroserver_ir
nitrovpne
nn_vpn
nofiltering2
norbertpro_vpn
nordaccount1
novavpn1984
novinology
npv_v2ray
ntgreenplus
nufilter
nufilter2
oPeTa_team
ohvpn
okab3_script_channel
omegavp
oonfig
opeta_team
orgempirenet
otana_vpn
outlineOpenKey
outline_ir
outline_oneclick1
outlineopenkey
outlines_vpn
outlinev
outlinev2rayng
ovpn2
oxir_vpn
oxygenvpn
paidfill
pak4you
pandasng
parsashonam
parsconfigg
parsv2ray1
passermobile01
pcv2ray
persiago
persian_proxy6
perv2ray
ph_onex
phiilshekn
piavpngo
piazshekan
ping01pro
ponv2ray
pov2ray
pqv2ray
pr_guard
primiumv2ray
private_access_guard_vpn
privatevpnn
privatevpns
pro_chaneel
prooxyk
proprojec
proserverstm
proxie
proxiiraniii
proxy48
proxy_confiingir
proxy_iranv2
proxy_kafee
proxy_kuto
proxy_mtproto_vpns_free
proxy_n1
proxy_net_meli
proxy_shadosocks
proxy_v2box
proxycityiran
proxyfn
proxyfull
proxyirancel
proxystore11
proxysudo
proxyvpnvip
proxyymeliii
psiphonf
public504
puni_shop_v2rayng
pusyvpn
pydriclub
qand_shecan
qeshmserver
qrv2ray
qvpnn
rayanconf
realvpnmaster
rezaw_server
rk_filtershking
rnrifci
sabz_v2ray
sajad_titan_s_t_n_v2ray
samiv2ray
satarvpn1
satoshivpn
savagev2ray
sayco_proxy
selinc
server444
server_nekobox
servernett
serverv2ray00
seven_ping
shadowsockskeys
shadowsocksserv
shadowsocksservers
shadowsocksshop
share_nodes
sharecentrepro
shokhmiplus
shopingv2ray
sifev2ray
sitefilter
skipvip
skivpn
sobi_vpn
socks5r
socks5tobefree
sorenaa_vpn
spikevpn
srcvpn
srv2ray
ssrtool
standvpn
star_hack_100
starv2rayn
strongprotocol
summertimeus
tawanaclub
tc_v2ray
teamvpnpro
tehranargo
tehranargo1
tehranfreevpn
tehron98
telmavpn
tenzovpn
tgvpn6
thunderv2ray
tizjo
tls_v2ray
tm_vpn_king_bott
tm_vpn_ogrysy
tmnet_news
tmno1vpn
tokyonetwork
torang_vpn
toucan_vpn
tov2rayy
toyota_proxy
toyota_proxyyyy
trand_farsi
tunssh
turboo_server
turbov2r
tv_v2ray
uciranir
uniquenett
unlimiteddev
uraniumvpn
uvpn_org
v22rayngg
v2_city
v2advicr
v2ang
v2aryng_vpn
v2boxng74
v2boxvpnn
v2city
v2conf
v2fre
v2freenet
v2graphy
v2hamid
v2icy
v2logy
v2meowcf
v2mod
v2net_iran
v2ngfast
v2pedia
v2ra2
v2raand
v2raayngconfig
v2rang_255
v2range
v2ray009
v2ray1_ng
v2ray24
v2ray4win
v2ray851403
v2rayCrow
v2rayNG_VPNN
v2ray_8
v2ray_83
v2ray_N
v2ray_alpha
v2ray_best_iran
v2ray_config_2023
v2ray_configs_pool
v2ray_confings2
v2ray_donya
v2ray_fark
v2ray_for_free
v2ray_freedomiran
v2ray_god
v2ray_inter
v2ray_n
v2ray_ng
v2ray_ng_vip
v2ray_npv1
v2ray_only_free
v2ray_raha
v2ray_reality_new
v2ray_rh
v2ray_rolly
v2ray_salam
v2ray_shopb
v2ray_sos
v2ray_string
v2ray_sub
v2ray_swhil
v2ray_team
v2ray_v_vpn
v2ray_vemo
v2ray_vmes
v2ray_vpna
v2ray_vpnalfa
v2ray_youtube
v2rayang201
v2rayargon
v2raybaz
v2raybe
v2raybuddiesvpn
v2raycg
v2raych
v2raycollectordonate
v2raycrow
v2rayfast
v2rayfree
v2rayfree1
v2rayfree_server
v2raygofree
v2rayhp
v2rayhubvip
v2raying
v2rayland02
v2raylandd
v2rayliberty
v2rayma
v2raymakers
v2raymastermind
v2rayn2g
v2rayng01
v2rayng110n
v2rayng14
v2rayng20000
v2rayng20000000
v2rayng3
v2rayng89
v2rayng_021
v2rayng_13
v2rayng_1378
v2rayng_147
v2rayng_81
v2rayng_aads
v2rayng_account_free
v2rayng_active
v2rayng_anti
v2rayng_channel
v2rayng_city
v2rayng_cooonfig
v2rayng_fast
v2rayng_free
v2rayng_lion
v2rayng_madam
v2rayng_megatror
v2rayng_my2
v2rayng_nv1
v2rayng_nvvpn
v2rayng_o
v2rayng_outlinee
v2rayng_ribvar
v2rayng_sell
v2rayng_serverr1
v2rayng_v2_ray
v2rayng_vpnn
v2rayng_vpnorg
v2rayngalpha
v2rayngalphagamer
v2rayngb
v2rayngbaloch
v2rayngc
v2rayngchaannel
v2rayngchannelll
v2rayngconfig
v2rayngconfiig
v2rayngconfings
v2rayngfast
v2rayngfreee
v2rayngninja
v2rayngrit
v2rayngrr13
v2rayngte
v2rayngup
v2rayngv
v2rayngvp
v2rayngvpnn
v2rayngw
v2rayninja
v2raynselling
v2raynz
v2rayo7ybv67i76
v2rayopen
v2rayorng
v2rayping
v2rayport
v2rayprooo
v2rayprotocol
v2rayproxy
v2rayrb6
v2rayroz
v2rayservere
v2rayshop_m
v2rayspeed
v2raystudents
v2raytel
v2rayturbo
v2rayvl
v2rayvmess
v2rayvpn009
v2rayvpn2
v2rayvpnclub
v2rayvx
v2rayweb
v2rayxservers
v2rayy_vpn13
v2rayza
v2rayzone
v2ret
v2rng_free1
v2roay
v2rplus
v2rray1_ng
v2rray_ng
v2ry_proxy
v2ryng01
v2ryng_vpn
v2ryngfree
v2ryvip
v2safe
v2safee
v2servers1
v2sezar
v2shop2
v2starvip
v2turbo
v_2ray1
v_2rayng0
v_2rayngvpn
vaiking_vpn
vboxpanel
vein_vpn
vip_vpn_2022
vipfastspeed
vipnetmeli
vipufovpn
vipv2rayngnp
vipv2rayngvip
vipv2rey
vipvpn_v2ray
vistav2ray
vless1
vlessconfig
vmesc
vmess_ir
vmess_iran
vmess_tg
vmess_vless_shadowsocks
vmessiranproxy
vmesskhodam
vmesskhodam_vip
vmesskhodamm
vmessorg
vmessprotocol
vmessraygan
vmessx
vp22ray
vpean
vpidiamond
vpn11_v2
vpn4ir_1
vpn707
vpn_Nv1
vpn_accounti
vpn_amo
vpn_arta
vpn_bal0uch
vpn_connect
vpn_darkk
vpn_forushy
vpn_go67
vpn_gold_free_1
vpn_ioss
vpn_kadeh_iran
vpn_kamyab
vpn_kanfik
vpn_land_official
vpn_matin_best1
vpn_mikey
vpn_nafas
vpn_nv1
vpn_proxy_channel
vpn_proxy_v2ry
vpn_room
vpn_storm
vpn_tehran
vpn_v24
vpn_v2a
vpn_v2ra_ng
vpn_v2ray_v2
vpn_v2rayiran
vpn_v2rayng_gap
vpn_vip_nor
vpn_wedbaz2
vpn_whal
vpn_zvpn
vpnafra
vpnamohelp
vpnandroid2
vpnazadland
vpnbigbang
vpnclick
vpnconfignet
vpncostume
vpncustomize
vpned
vpnepic
vpneti
vpnfail_v2ray
vpnfastservice
vpnfree
vpnfree6
vpnfreeaccounts
vpnfreeo
vpngate_config
vpnhouse_official
vpnhubmarket
vpnia1
vpnkanfik
vpnmasi
vpnmk1
vpnod
vpnowl
vpnpacket
vpnplus100
vpnplusee_free
vpnpopular2023
vpnservergprc
vpnskyy
vpnstable
vpnstorefast
vpnsupportfast
vpntako
vpntwitt
vpnv2rayNGv
vpnv2rayng90
vpnv2rayngv
vpnv2rayonline
vpnv2raytop
vpnvg
vpnwedbaz
vpnwlf
vpnworldone
vpnx1x
vpnxyam_ir
vpnyes
vpnzamin
vpray3
vruntech
vtolink
vtworay_wolf
wbrovers
webhube
webonim
webovpn
webshecan
wirepro_vpn
wmessorg
womanlifefreedom13
womanlifefreedomvpn
world_vmess
wsbvpn
wxgmrjdcc
x4azadi
xiv2ray
xivpn
xnxv2ray
xpnteam
xpnteams
xrayzxn
xsv2ray
xvproxy
yaney_01
yarito_media
yasv2ray
yuproxytelegram
yxjnode
zapasv2ray
zed_vpn
zeptovpn
zibanabz
zilatvpn
zilv2ray_service
zohalserver
Awlix_V2RAY
Awlix_ir
BestV2rang
Capital_NET
Capoit
CloudCityy
ConfigsHUB
Cov2ray
DarkTeam_VPN
DarkVPNpro
DeamNet_Proxy
EUT_VPN
EliV2ray
FOX_VPN66
FoXrayIran
FreakConfig
God_CONFIG
Good_V2rayy
GozargahVPN
Helix_Servers
IBv2ray
INIT1984
IRN_VPN
L_AGVPN13
LoRd_uL4mo
Lockey_vpn
LuminousNet
MehradLearn
MsV2ray
NIM_VPN_ir
OpenSSTPVpn
OutlineVpnOfficial
Outline_Vpn
Outlinev2rayNG
PAINB0Y
Parsashonam
ProxyForOpeta
Proxy_PJ
Qv2rayDONATED
ROMAX_VPN
Royalping_ir
SINABIGO
SafeNet_Server
ShadowProxy66
ShadowSocks_s
SvnTeam
TIKTOK_PROXY
TUICity
TVCminer
V2FETCH
V2RayTz
V2parsin
V2rayCollector
V2rayNG_im
V2rayNGmat
V2rayNGn
V2raysFree
VPNCLOP
VPNCUSTOMIZE
VPNGate_Config
VmessProtocol
VpnFreeSec
VpnProSec
VpnSkyy
VpnWLF
Watashi_VPN
WebShecan
azadi_az_inja_migzare
bright_vpn
channels_assets
eliya_chiter0
empty
fnet00
forwardv2ray
free1_vpn
freeconfigv2
hashmakvpn
hcv2ray
https_config_injector
iP_CF
iSegaro
ipcloudflaree
irancpi_vpn
kiava
liq_VPN
lrnbymaa
mahvarehnewssat
melov2ray
oneclickvpnkeys
polproxy
proxy_mtm
prrofile_purple
rayvps
raze_vpn
reality_daily
rxv2ray
serveriran11
servermomo
shh_proxy
sinabigo
v2Line
v2_team
v2rayNG_Matsuri
v2ray_outlineir
v2ray_vpn_ir
v2rayng_config_amin
v2rayng_vpnrog
v2rayngvpn
vless_vmess
vmess_vless_pro
vmess_vless_v2rayng
vpn_xw
zen_cloud
V2range
Outline_ir
outlinevpnir
ZibaNabz
beiten
NetAccount
daorzadannet
v2rayNGNeT
iran_ray
Pinkpotatocloud
Qv2raychannel
xrayproxy
PNG_V2rayNG
talentvpn
molovpn
MoV2ray
vmessiran
TPvpn_Official
AM_TEAMMM
iTV2RAY
idigitalz
aspeedvpn
FoxNim
marambashi
